::1 - - [31/Jan/2017:19:06:42 +0000] "GET / HTTP/1.1" 500 1228 "-" "Mozilla/5.0 (Macintosh; Intel Mac OS X 10_12_2) AppleWebKit/537.36 (KHTML, like Gecko) Chrome/55.0.2883.95 Safari/537.36"
::1 - - [31/Jan/2017:19:07:55 +0000] "GET / HTTP/1.1" 401 37 "-" "Mozilla/5.0 (Macintosh; Intel Mac OS X 10_12_2) AppleWebKit/537.36 (KHTML, like Gecko) Chrome/55.0.2883.95 Safari/537.36"
::1 - - [31/Jan/2017:19:08:35 +0000] "GET / HTTP/1.1" 401 37 "-" "Mozilla/5.0 (Macintosh; Intel Mac OS X 10_12_2) AppleWebKit/537.36 (KHTML, like Gecko) Chrome/55.0.2883.95 Safari/537.36"
::1 - - [31/Jan/2017:19:08:39 +0000] "GET / HTTP/1.1" 401 37 "-" "Mozilla/5.0 (Macintosh; Intel Mac OS X 10_12_2) AppleWebKit/537.36 (KHTML, like Gecko) Chrome/55.0.2883.95 Safari/537.36"
::1 - - [31/Jan/2017:19:08:47 +0000] "POST /login HTTP/1.1" 200 48 "-" "Mozilla/5.0 (Macintosh; Intel Mac OS X 10_12_2) AppleWebKit/537.36 (KHTML, like Gecko) Chrome/55.0.2883.95 Safari/537.36"
::1 - - [31/Jan/2017:19:09:22 +0000] "GET /api/data?token=plvm121mhiylwdnmq HTTP/1.1" 200 38 "-" "Mozilla/5.0 (Macintosh; Intel Mac OS X 10_12_2) AppleWebKit/537.36 (KHTML, like Gecko) Chrome/55.0.2883.95 Safari/537.36"
::1 - - [31/Jan/2017:19:09:27 +0000] "GET / HTTP/1.1" 401 37 "-" "Mozilla/5.0 (Macintosh; Intel Mac OS X 10_12_2) AppleWebKit/537.36 (KHTML, like Gecko) Chrome/55.0.2883.95 Safari/537.36"
::1 - - [31/Jan/2017:19:09:33 +0000] "GET /api/data HTTP/1.1" 401 37 "-" "Mozilla/5.0 (Macintosh; Intel Mac OS X 10_12_2) AppleWebKit/537.36 (KHTML, like Gecko) Chrome/55.0.2883.95 Safari/537.36"
::1 - - [31/Jan/2017:19:13:38 +0000] "GET /api/data HTTP/1.1" 401 37 "-" "Mozilla/5.0 (Macintosh; Intel Mac OS X 10_12_2) AppleWebKit/537.36 (KHTML, like Gecko) Chrome/55.0.2883.95 Safari/537.36"
::1 - - [31/Jan/2017:19:15:47 +0000] "POST /login HTTP/1.1" 200 48 "-" "Mozilla/5.0 (Macintosh; Intel Mac OS X 10_12_2) AppleWebKit/537.36 (KHTML, like Gecko) Chrome/55.0.2883.95 Safari/537.36"
::1 - - [31/Jan/2017:19:17:00 +0000] "GET /api/data HTTP/1.1" 401 37 "-" "Mozilla/5.0 (Macintosh; Intel Mac OS X 10_12_2) AppleWebKit/537.36 (KHTML, like Gecko) Chrome/55.0.2883.95 Safari/537.36"
::1 - - [31/Jan/2017:19:17:14 +0000] "GET / HTTP/1.1" 401 37 "-" "Mozilla/5.0 (Macintosh; Intel Mac OS X 10_12_2) AppleWebKit/537.36 (KHTML, like Gecko) Chrome/55.0.2883.95 Safari/537.36"
::1 - - [31/Jan/2017:19:18:09 +0000] "GET / HTTP/1.1" 401 37 "-" "Mozilla/5.0 (Macintosh; Intel Mac OS X 10_12_2) AppleWebKit/537.36 (KHTML, like Gecko) Chrome/55.0.2883.95 Safari/537.36"
::1 - - [31/Jan/2017:19:18:16 +0000] "GET /api/data HTTP/1.1" 401 37 "-" "Mozilla/5.0 (Macintosh; Intel Mac OS X 10_12_2) AppleWebKit/537.36 (KHTML, like Gecko) Chrome/55.0.2883.95 Safari/537.36"
::1 - - [31/Jan/2017:19:18:26 +0000] "POST /login HTTP/1.1" 200 48 "-" "Mozilla/5.0 (Macintosh; Intel Mac OS X 10_12_2) AppleWebKit/537.36 (KHTML, like Gecko) Chrome/55.0.2883.95 Safari/537.36"
::1 - - [31/Jan/2017:19:18:31 +0000] "GET /api/data HTTP/1.1" 401 37 "-" "Mozilla/5.0 (Macintosh; Intel Mac OS X 10_12_2) AppleWebKit/537.36 (KHTML, like Gecko) Chrome/55.0.2883.95 Safari/537.36"
::1 - - [31/Jan/2017:19:18:57 +0000] "GET /api/data HTTP/1.1" 401 37 "-" "Mozilla/5.0 (Macintosh; Intel Mac OS X 10_12_2) AppleWebKit/537.36 (KHTML, like Gecko) Chrome/55.0.2883.95 Safari/537.36"
::1 - - [31/Jan/2017:19:19:10 +0000] "GET /api/data HTTP/1.1" 401 37 "-" "Mozilla/5.0 (Macintosh; Intel Mac OS X 10_12_2) AppleWebKit/537.36 (KHTML, like Gecko) Chrome/55.0.2883.95 Safari/537.36"
::1 - - [31/Jan/2017:19:20:02 +0000] "GET /api/data HTTP/1.1" 401 37 "-" "Mozilla/5.0 (Macintosh; Intel Mac OS X 10_12_2) AppleWebKit/537.36 (KHTML, like Gecko) Chrome/55.0.2883.95 Safari/537.36"
::1 - - [31/Jan/2017:19:21:45 +0000] "GET /api/data HTTP/1.1" 401 37 "-" "Mozilla/5.0 (Macintosh; Intel Mac OS X 10_12_2) AppleWebKit/537.36 (KHTML, like Gecko) Chrome/55.0.2883.95 Safari/537.36"
::1 - - [31/Jan/2017:19:22:32 +0000] "POST /login HTTP/1.1" 200 48 "-" "Mozilla/5.0 (Macintosh; Intel Mac OS X 10_12_2) AppleWebKit/537.36 (KHTML, like Gecko) Chrome/55.0.2883.95 Safari/537.36"
::1 - - [31/Jan/2017:19:22:38 +0000] "GET /api/data HTTP/1.1" 401 37 "-" "Mozilla/5.0 (Macintosh; Intel Mac OS X 10_12_2) AppleWebKit/537.36 (KHTML, like Gecko) Chrome/55.0.2883.95 Safari/537.36"
::1 - - [31/Jan/2017:19:23:04 +0000] "GET /api/data HTTP/1.1" 401 37 "-" "Mozilla/5.0 (Macintosh; Intel Mac OS X 10_12_2) AppleWebKit/537.36 (KHTML, like Gecko) Chrome/55.0.2883.95 Safari/537.36"
::1 - - [31/Jan/2017:19:23:42 +0000] "GET /api/data HTTP/1.1" 500 1474 "-" "Mozilla/5.0 (Macintosh; Intel Mac OS X 10_12_2) AppleWebKit/537.36 (KHTML, like Gecko) Chrome/55.0.2883.95 Safari/537.36"
::1 - - [31/Jan/2017:19:23:47 +0000] "GET /api/data HTTP/1.1" 401 37 "-" "Mozilla/5.0 (Macintosh; Intel Mac OS X 10_12_2) AppleWebKit/537.36 (KHTML, like Gecko) Chrome/55.0.2883.95 Safari/537.36"
::1 - - [31/Jan/2017:19:25:41 +0000] "GET /api/data HTTP/1.1" 401 37 "-" "Mozilla/5.0 (Macintosh; Intel Mac OS X 10_12_2) AppleWebKit/537.36 (KHTML, like Gecko) Chrome/55.0.2883.95 Safari/537.36"
::1 - - [31/Jan/2017:19:25:50 +0000] "POST /login HTTP/1.1" 200 48 "-" "Mozilla/5.0 (Macintosh; Intel Mac OS X 10_12_2) AppleWebKit/537.36 (KHTML, like Gecko) Chrome/55.0.2883.95 Safari/537.36"
::1 - - [31/Jan/2017:19:25:53 +0000] "GET /api/data HTTP/1.1" 401 37 "-" "Mozilla/5.0 (Macintosh; Intel Mac OS X 10_12_2) AppleWebKit/537.36 (KHTML, like Gecko) Chrome/55.0.2883.95 Safari/537.36"
::1 - - [31/Jan/2017:19:26:12 +0000] "GET /api/data HTTP/1.1" 401 37 "-" "Mozilla/5.0 (Macintosh; Intel Mac OS X 10_12_2) AppleWebKit/537.36 (KHTML, like Gecko) Chrome/55.0.2883.95 Safari/537.36"
::1 - - [31/Jan/2017:19:26:32 +0000] "GET /api/data HTTP/1.1" 401 37 "-" "Mozilla/5.0 (Macintosh; Intel Mac OS X 10_12_2) AppleWebKit/537.36 (KHTML, like Gecko) Chrome/55.0.2883.95 Safari/537.36"
::1 - - [31/Jan/2017:19:27:20 +0000] "POST /login HTTP/1.1" 500 1448 "-" "Mozilla/5.0 (Macintosh; Intel Mac OS X 10_12_2) AppleWebKit/537.36 (KHTML, like Gecko) Chrome/55.0.2883.95 Safari/537.36"
::1 - - [31/Jan/2017:19:27:30 +0000] "POST /login HTTP/1.1" 200 48 "-" "Mozilla/5.0 (Macintosh; Intel Mac OS X 10_12_2) AppleWebKit/537.36 (KHTML, like Gecko) Chrome/55.0.2883.95 Safari/537.36"
::1 - - [31/Jan/2017:19:27:55 +0000] "POST /login HTTP/1.1" 200 48 "-" "Mozilla/5.0 (Macintosh; Intel Mac OS X 10_12_2) AppleWebKit/537.36 (KHTML, like Gecko) Chrome/55.0.2883.95 Safari/537.36"
::1 - - [31/Jan/2017:19:28:18 +0000] "POST /login HTTP/1.1" 200 48 "-" "Mozilla/5.0 (Macintosh; Intel Mac OS X 10_12_2) AppleWebKit/537.36 (KHTML, like Gecko) Chrome/55.0.2883.95 Safari/537.36"
::1 - - [31/Jan/2017:19:28:31 +0000] "GET /api/data HTTP/1.1" 401 37 "-" "Mozilla/5.0 (Macintosh; Intel Mac OS X 10_12_2) AppleWebKit/537.36 (KHTML, like Gecko) Chrome/55.0.2883.95 Safari/537.36"
::1 - - [31/Jan/2017:19:29:03 +0000] "GET /api/data HTTP/1.1" 401 37 "-" "Mozilla/5.0 (Macintosh; Intel Mac OS X 10_12_2) AppleWebKit/537.36 (KHTML, like Gecko) Chrome/55.0.2883.95 Safari/537.36"
::1 - - [31/Jan/2017:19:29:09 +0000] "POST /login HTTP/1.1" 200 48 "-" "Mozilla/5.0 (Macintosh; Intel Mac OS X 10_12_2) AppleWebKit/537.36 (KHTML, like Gecko) Chrome/55.0.2883.95 Safari/537.36"
::1 - - [31/Jan/2017:19:29:15 +0000] "GET /api/data HTTP/1.1" 401 37 "-" "Mozilla/5.0 (Macintosh; Intel Mac OS X 10_12_2) AppleWebKit/537.36 (KHTML, like Gecko) Chrome/55.0.2883.95 Safari/537.36"
::1 - - [31/Jan/2017:19:29:33 +0000] "GET /api/data HTTP/1.1" 401 37 "-" "Mozilla/5.0 (Macintosh; Intel Mac OS X 10_12_2) AppleWebKit/537.36 (KHTML, like Gecko) Chrome/55.0.2883.95 Safari/537.36"
::1 - - [31/Jan/2017:19:29:46 +0000] "GET /api/data HTTP/1.1" 401 37 "-" "Mozilla/5.0 (Macintosh; Intel Mac OS X 10_12_2) AppleWebKit/537.36 (KHTML, like Gecko) Chrome/55.0.2883.95 Safari/537.36"
::1 - - [31/Jan/2017:19:30:25 +0000] "POST /login HTTP/1.1" 500 1445 "-" "Mozilla/5.0 (Macintosh; Intel Mac OS X 10_12_2) AppleWebKit/537.36 (KHTML, like Gecko) Chrome/55.0.2883.95 Safari/537.36"
::1 - - [31/Jan/2017:19:34:04 +0000] "GET /api/data HTTP/1.1" 401 37 "-" "Mozilla/5.0 (Macintosh; Intel Mac OS X 10_12_2) AppleWebKit/537.36 (KHTML, like Gecko) Chrome/55.0.2883.95 Safari/537.36"
::1 - - [31/Jan/2017:19:34:26 +0000] "POST /login HTTP/1.1" 200 48 "-" "Mozilla/5.0 (Macintosh; Intel Mac OS X 10_12_2) AppleWebKit/537.36 (KHTML, like Gecko) Chrome/55.0.2883.95 Safari/537.36"
::1 - - [31/Jan/2017:19:34:37 +0000] "GET /api/data HTTP/1.1" 401 37 "-" "Mozilla/5.0 (Macintosh; Intel Mac OS X 10_12_2) AppleWebKit/537.36 (KHTML, like Gecko) Chrome/55.0.2883.95 Safari/537.36"
::1 - - [31/Jan/2017:19:36:20 +0000] "POST /login HTTP/1.1" 200 48 "-" "Mozilla/5.0 (Macintosh; Intel Mac OS X 10_12_2) AppleWebKit/537.36 (KHTML, like Gecko) Chrome/55.0.2883.95 Safari/537.36"
::1 - - [31/Jan/2017:19:36:22 +0000] "GET /api/data HTTP/1.1" 401 37 "-" "Mozilla/5.0 (Macintosh; Intel Mac OS X 10_12_2) AppleWebKit/537.36 (KHTML, like Gecko) Chrome/55.0.2883.95 Safari/537.36"
::1 - - [31/Jan/2017:19:39:44 +0000] "POST /login HTTP/1.1" 200 48 "-" "Mozilla/5.0 (Macintosh; Intel Mac OS X 10_12_2) AppleWebKit/537.36 (KHTML, like Gecko) Chrome/55.0.2883.95 Safari/537.36"
::1 - - [31/Jan/2017:19:39:50 +0000] "GET /api/data HTTP/1.1" 401 37 "-" "Mozilla/5.0 (Macintosh; Intel Mac OS X 10_12_2) AppleWebKit/537.36 (KHTML, like Gecko) Chrome/55.0.2883.95 Safari/537.36"
::1 - - [31/Jan/2017:19:40:22 +0000] "POST /login HTTP/1.1" 200 48 "-" "Mozilla/5.0 (Macintosh; Intel Mac OS X 10_12_2) AppleWebKit/537.36 (KHTML, like Gecko) Chrome/55.0.2883.95 Safari/537.36"
::1 - - [31/Jan/2017:19:40:39 +0000] "GET / HTTP/1.1" 401 37 "-" "Mozilla/5.0 (Macintosh; Intel Mac OS X 10_12_2) AppleWebKit/537.36 (KHTML, like Gecko) Chrome/55.0.2883.95 Safari/537.36"
::1 - - [31/Jan/2017:19:41:59 +0000] "POST /login HTTP/1.1" 200 48 "-" "Mozilla/5.0 (Macintosh; Intel Mac OS X 10_12_2) AppleWebKit/537.36 (KHTML, like Gecko) Chrome/55.0.2883.95 Safari/537.36"
::1 - - [31/Jan/2017:19:42:04 +0000] "GET / HTTP/1.1" 401 37 "-" "Mozilla/5.0 (Macintosh; Intel Mac OS X 10_12_2) AppleWebKit/537.36 (KHTML, like Gecko) Chrome/55.0.2883.95 Safari/537.36"
::1 - - [31/Jan/2017:19:42:20 +0000] "GET / HTTP/1.1" 401 37 "-" "Mozilla/5.0 (Macintosh; Intel Mac OS X 10_12_2) AppleWebKit/537.36 (KHTML, like Gecko) Chrome/55.0.2883.95 Safari/537.36"
::1 - - [31/Jan/2017:19:44:59 +0000] "POST /login HTTP/1.1" 200 48 "-" "Mozilla/5.0 (Macintosh; Intel Mac OS X 10_12_2) AppleWebKit/537.36 (KHTML, like Gecko) Chrome/55.0.2883.95 Safari/537.36"
::1 - - [31/Jan/2017:19:45:16 +0000] "GET / HTTP/1.1" 401 37 "-" "Mozilla/5.0 (Macintosh; Intel Mac OS X 10_12_2) AppleWebKit/537.36 (KHTML, like Gecko) Chrome/55.0.2883.95 Safari/537.36"
::1 - - [31/Jan/2017:19:45:27 +0000] "GET /api/data HTTP/1.1" 401 37 "-" "Mozilla/5.0 (Macintosh; Intel Mac OS X 10_12_2) AppleWebKit/537.36 (KHTML, like Gecko) Chrome/55.0.2883.95 Safari/537.36"
::1 - - [31/Jan/2017:19:48:19 +0000] "POST /login HTTP/1.1" 200 48 "-" "Mozilla/5.0 (Macintosh; Intel Mac OS X 10_12_2) AppleWebKit/537.36 (KHTML, like Gecko) Chrome/55.0.2883.95 Safari/537.36"
::1 - - [31/Jan/2017:19:50:34 +0000] "GET /api/data HTTP/1.1" 401 37 "-" "Mozilla/5.0 (Macintosh; Intel Mac OS X 10_12_2) AppleWebKit/537.36 (KHTML, like Gecko) Chrome/55.0.2883.95 Safari/537.36"
::1 - - [31/Jan/2017:20:21:48 +0000] "GET /api/data HTTP/1.1" 401 37 "-" "Mozilla/5.0 (Macintosh; Intel Mac OS X 10_12_2) AppleWebKit/537.36 (KHTML, like Gecko) Chrome/55.0.2883.95 Safari/537.36"
::1 - - [31/Jan/2017:20:22:03 +0000] "POST /login HTTP/1.1" 200 48 "-" "Mozilla/5.0 (Macintosh; Intel Mac OS X 10_12_2) AppleWebKit/537.36 (KHTML, like Gecko) Chrome/55.0.2883.95 Safari/537.36"
::1 - - [31/Jan/2017:20:22:06 +0000] "GET /api/data HTTP/1.1" 401 37 "-" "Mozilla/5.0 (Macintosh; Intel Mac OS X 10_12_2) AppleWebKit/537.36 (KHTML, like Gecko) Chrome/55.0.2883.95 Safari/537.36"
::1 - - [31/Jan/2017:20:22:19 +0000] "GET /api/data?token=plvm122jgiylyzvae HTTP/1.1" 200 38 "-" "Mozilla/5.0 (Macintosh; Intel Mac OS X 10_12_2) AppleWebKit/537.36 (KHTML, like Gecko) Chrome/55.0.2883.95 Safari/537.36"
::1 - - [31/Jan/2017:20:23:55 +0000] "GET /api/data?token=plvm122jgiylyzvae HTTP/1.1" 401 37 "-" "Mozilla/5.0 (Macintosh; Intel Mac OS X 10_12_2) AppleWebKit/537.36 (KHTML, like Gecko) Chrome/55.0.2883.95 Safari/537.36"
::1 - - [31/Jan/2017:20:23:57 +0000] "POST /login HTTP/1.1" 200 48 "-" "Mozilla/5.0 (Macintosh; Intel Mac OS X 10_12_2) AppleWebKit/537.36 (KHTML, like Gecko) Chrome/55.0.2883.95 Safari/537.36"
::1 - - [31/Jan/2017:20:24:00 +0000] "GET /api/data?token=plvm122jgiylyzvae HTTP/1.1" 401 37 "-" "Mozilla/5.0 (Macintosh; Intel Mac OS X 10_12_2) AppleWebKit/537.36 (KHTML, like Gecko) Chrome/55.0.2883.95 Safari/537.36"
::1 - - [31/Jan/2017:20:24:59 +0000] "GET /api/data?token=plvm122jgiylyzvae HTTP/1.1" 401 37 "-" "Mozilla/5.0 (Macintosh; Intel Mac OS X 10_12_2) AppleWebKit/537.36 (KHTML, like Gecko) Chrome/55.0.2883.95 Safari/537.36"
::1 - - [31/Jan/2017:20:25:15 +0000] "GET /api/data?token=plvm122jgiylyzvae HTTP/1.1" 500 1484 "-" "Mozilla/5.0 (Macintosh; Intel Mac OS X 10_12_2) AppleWebKit/537.36 (KHTML, like Gecko) Chrome/55.0.2883.95 Safari/537.36"
::1 - - [31/Jan/2017:20:25:40 +0000] "GET /api/data?token=plvm122jgiylyzvae HTTP/1.1" 401 37 "-" "Mozilla/5.0 (Macintosh; Intel Mac OS X 10_12_2) AppleWebKit/537.36 (KHTML, like Gecko) Chrome/55.0.2883.95 Safari/537.36"
::1 - - [31/Jan/2017:20:25:52 +0000] "POST /login HTTP/1.1" 200 48 "-" "Mozilla/5.0 (Macintosh; Intel Mac OS X 10_12_2) AppleWebKit/537.36 (KHTML, like Gecko) Chrome/55.0.2883.95 Safari/537.36"
::1 - - [31/Jan/2017:20:26:02 +0000] "GET /api/data?token=plvm122jgiylyzvae HTTP/1.1" 401 37 "-" "Mozilla/5.0 (Macintosh; Intel Mac OS X 10_12_2) AppleWebKit/537.36 (KHTML, like Gecko) Chrome/55.0.2883.95 Safari/537.36"
::1 - - [31/Jan/2017:20:26:21 +0000] "GET /api/data HTTP/1.1" 401 37 "-" "Mozilla/5.0 (Macintosh; Intel Mac OS X 10_12_2) AppleWebKit/537.36 (KHTML, like Gecko) Chrome/55.0.2883.95 Safari/537.36"
::1 - - [31/Jan/2017:20:27:00 +0000] "GET /api/data HTTP/1.1" 401 37 "-" "Mozilla/5.0 (Macintosh; Intel Mac OS X 10_12_2) AppleWebKit/537.36 (KHTML, like Gecko) Chrome/55.0.2883.95 Safari/537.36"
::1 - - [31/Jan/2017:20:27:04 +0000] "POST /login HTTP/1.1" 200 48 "-" "Mozilla/5.0 (Macintosh; Intel Mac OS X 10_12_2) AppleWebKit/537.36 (KHTML, like Gecko) Chrome/55.0.2883.95 Safari/537.36"
::1 - - [31/Jan/2017:20:27:08 +0000] "GET /api/data HTTP/1.1" 200 38 "-" "Mozilla/5.0 (Macintosh; Intel Mac OS X 10_12_2) AppleWebKit/537.36 (KHTML, like Gecko) Chrome/55.0.2883.95 Safari/537.36"
